-- The C compiler identification is GNU 11.4.0
-- The CXX compiler identification is GNU 11.4.0
-- Detecting C compiler ABI info
-- Detecting C compiler ABI info - done
-- Check for working C compiler: /usr/bin/cc - skipped
-- Detecting C compile features
-- Detecting C compile features - done
-- Detecting CXX compiler ABI info
-- Detecting CXX compiler ABI info - done
-- Check for working CXX compiler: /usr/bin/c++ - skipped
-- Detecting CXX compile features
-- Detecting CXX compile features - done
-- Found ament_cmake: 1.3.6 (/opt/ros/humble/share/ament_cmake/cmake)
-- Found Python3: /usr/bin/python3.10 (found version "3.10.12") found components: Interpreter 
-- Found builtin_interfaces: 1.2.1 (/home/khanh/Documents/microros_ws/install/builtin_interfaces/share/builtin_interfaces/cmake)
-- Found rosidl_generator_c: 3.1.5 (/opt/ros/humble/share/rosidl_generator_c/cmake)
-- Found rosidl_adapter: 3.1.5 (/opt/ros/humble/share/rosidl_adapter/cmake)
-- Found rosidl_generator_cpp: 3.1.5 (/opt/ros/humble/share/rosidl_generator_cpp/cmake)
-- Using all available rosidl_typesupport_c: rosidl_typesupport_microxrcedds_c;rosidl_typesupport_fastrtps_c;rosidl_typesupport_introspection_c
-- Using all available rosidl_typesupport_cpp: rosidl_typesupport_microxrcedds_cpp;rosidl_typesupport_fastrtps_cpp;rosidl_typesupport_introspection_cpp
-- Found rosidl_default_generators: 1.2.0 (/opt/ros/humble/share/rosidl_default_generators/cmake)
-- Found test_interface_files: 0.9.1 (/opt/ros/humble/share/test_interface_files/cmake)
-- Found ament_cmake_ros: 0.10.0 (/opt/ros/humble/share/ament_cmake_ros/cmake)
-- Using all available rosidl_typesupport_c: rosidl_typesupport_microxrcedds_c;rosidl_typesupport_fastrtps_c;rosidl_typesupport_introspection_c
-- Using all available rosidl_typesupport_cpp: rosidl_typesupport_microxrcedds_cpp;rosidl_typesupport_fastrtps_cpp;rosidl_typesupport_introspection_cpp
-- Found PythonInterp: /usr/bin/python3 (found suitable version "3.10.12", minimum required is "3.6") 
-- Found python_cmake_module: 0.10.0 (/opt/ros/humble/share/python_cmake_module/cmake)
-- Found PythonLibs: /usr/lib/x86_64-linux-gnu/libpython3.10.so (found suitable version "3.10.12", minimum required is "3.5") 
-- Using PYTHON_EXECUTABLE: /usr/bin/python3
-- Using PYTHON_INCLUDE_DIRS: /usr/include/python3.10
-- Using PYTHON_LIBRARIES: /usr/lib/x86_64-linux-gnu/libpython3.10.so
-- Found PythonExtra: .so  
-- Configuring done
-- Generating done
-- Build files have been written to: /home/khanh/Documents/microros_ws/build/test_msgs
[  1%] [34m[1mGenerating C code for ROS interfaces[0m
[  1%] [34m[1mGenerating C++ code for ROS interfaces[0m
[  1%] Built target ament_cmake_python_copy_test_msgs
running egg_info
creating test_msgs.egg-info
writing test_msgs.egg-info/PKG-INFO
writing dependency_links to test_msgs.egg-info/dependency_links.txt
writing top-level names to test_msgs.egg-info/top_level.txt
writing manifest file 'test_msgs.egg-info/SOURCES.txt'
reading manifest file 'test_msgs.egg-info/SOURCES.txt'
writing manifest file 'test_msgs.egg-info/SOURCES.txt'
[  1%] Built target ament_cmake_python_build_test_msgs_egg
[  1%] [32mBuilding C object CMakeFiles/test_msgs__rosidl_generator_c.dir/rosidl_generator_c/test_msgs/msg/detail/arrays__functions.c.o[0m
[  2%] [32mBuilding C object CMakeFiles/test_msgs__rosidl_generator_c.dir/rosidl_generator_c/test_msgs/msg/detail/basic_types__functions.c.o[0m
[  2%] [32mBuilding C object CMakeFiles/test_msgs__rosidl_generator_c.dir/rosidl_generator_c/test_msgs/msg/detail/bounded_plain_sequences__functions.c.o[0m
[  3%] [32mBuilding C object CMakeFiles/test_msgs__rosidl_generator_c.dir/rosidl_generator_c/test_msgs/msg/detail/bounded_sequences__functions.c.o[0m
[  3%] [32mBuilding C object CMakeFiles/test_msgs__rosidl_generator_c.dir/rosidl_generator_c/test_msgs/msg/detail/constants__functions.c.o[0m
[  4%] [32mBuilding C object CMakeFiles/test_msgs__rosidl_generator_c.dir/rosidl_generator_c/test_msgs/msg/detail/defaults__functions.c.o[0m
[  4%] [32mBuilding C object CMakeFiles/test_msgs__rosidl_generator_c.dir/rosidl_generator_c/test_msgs/msg/detail/empty__functions.c.o[0m
[  4%] [32mBuilding C object CMakeFiles/test_msgs__rosidl_generator_c.dir/rosidl_generator_c/test_msgs/srv/detail/empty__functions.c.o[0m
[  4%] [32mBuilding C object CMakeFiles/test_msgs__rosidl_generator_c.dir/rosidl_generator_c/test_msgs/srv/detail/arrays__functions.c.o[0m
[  5%] [32mBuilding C object CMakeFiles/test_msgs__rosidl_generator_c.dir/rosidl_generator_c/test_msgs/srv/detail/basic_types__functions.c.o[0m
[  6%] [32mBuilding C object CMakeFiles/test_msgs__rosidl_generator_c.dir/rosidl_generator_c/test_msgs/msg/detail/w_strings__functions.c.o[0m
[  6%] Built target test_msgs__cpp
[  7%] [32mBuilding C object CMakeFiles/test_msgs__rosidl_generator_c.dir/rosidl_generator_c/test_msgs/action/detail/nested_message__functions.c.o[0m
[  7%] [32mBuilding C object CMakeFiles/test_msgs__rosidl_generator_c.dir/rosidl_generator_c/test_msgs/msg/detail/builtins__functions.c.o[0m
[  8%] [32mBuilding C object CMakeFiles/test_msgs__rosidl_generator_c.dir/rosidl_generator_c/test_msgs/action/detail/fibonacci__functions.c.o[0m
[  8%] [32mBuilding C object CMakeFiles/test_msgs__rosidl_generator_c.dir/rosidl_generator_c/test_msgs/msg/detail/unbounded_sequences__functions.c.o[0m
[  9%] [32mBuilding C object CMakeFiles/test_msgs__rosidl_generator_c.dir/rosidl_generator_c/test_msgs/msg/detail/strings__functions.c.o[0m
[  9%] [32mBuilding C object CMakeFiles/test_msgs__rosidl_generator_c.dir/rosidl_generator_c/test_msgs/msg/detail/nested__functions.c.o[0m
[ 10%] [32mBuilding C object CMakeFiles/test_msgs__rosidl_generator_c.dir/rosidl_generator_c/test_msgs/msg/detail/multi_nested__functions.c.o[0m
[ 10%] [32m[1mLinking C shared library libtest_msgs__rosidl_generator_c.so[0m
[ 10%] Built target test_msgs__rosidl_generator_c
[ 10%] [34m[1mGenerating C++ introspection for ROS interfaces[0m
[ 11%] [32mBuilding CXX object CMakeFiles/test_msgs__rosidl_typesupport_introspection_cpp.dir/rosidl_typesupport_introspection_cpp/test_msgs/msg/detail/arrays__type_support.cpp.o[0m
[ 12%] [32mBuilding CXX object CMakeFiles/test_msgs__rosidl_typesupport_introspection_cpp.dir/rosidl_typesupport_introspection_cpp/test_msgs/msg/detail/nested__type_support.cpp.o[0m
[ 12%] [32mBuilding CXX object CMakeFiles/test_msgs__rosidl_typesupport_introspection_cpp.dir/rosidl_typesupport_introspection_cpp/test_msgs/msg/detail/strings__type_support.cpp.o[0m
[ 13%] [32mBuilding CXX object CMakeFiles/test_msgs__rosidl_typesupport_introspection_cpp.dir/rosidl_typesupport_introspection_cpp/test_msgs/msg/detail/unbounded_sequences__type_support.cpp.o[0m
[ 13%] [32mBuilding CXX object CMakeFiles/test_msgs__rosidl_typesupport_introspection_cpp.dir/rosidl_typesupport_introspection_cpp/test_msgs/msg/detail/w_strings__type_support.cpp.o[0m
[ 14%] [32mBuilding CXX object CMakeFiles/test_msgs__rosidl_typesupport_introspection_cpp.dir/rosidl_typesupport_introspection_cpp/test_msgs/srv/detail/arrays__type_support.cpp.o[0m
[ 14%] [32mBuilding CXX object CMakeFiles/test_msgs__rosidl_typesupport_introspection_cpp.dir/rosidl_typesupport_introspection_cpp/test_msgs/srv/detail/basic_types__type_support.cpp.o[0m
[ 14%] [32mBuilding CXX object CMakeFiles/test_msgs__rosidl_typesupport_introspection_cpp.dir/rosidl_typesupport_introspection_cpp/test_msgs/srv/detail/empty__type_support.cpp.o[0m
[ 15%] [32mBuilding CXX object CMakeFiles/test_msgs__rosidl_typesupport_introspection_cpp.dir/rosidl_typesupport_introspection_cpp/test_msgs/action/detail/fibonacci__type_support.cpp.o[0m
[ 15%] [32mBuilding CXX object CMakeFiles/test_msgs__rosidl_typesupport_introspection_cpp.dir/rosidl_typesupport_introspection_cpp/test_msgs/msg/detail/builtins__type_support.cpp.o[0m
[ 16%] [32mBuilding CXX object CMakeFiles/test_msgs__rosidl_typesupport_introspection_cpp.dir/rosidl_typesupport_introspection_cpp/test_msgs/action/detail/nested_message__type_support.cpp.o[0m
[ 16%] [32mBuilding CXX object CMakeFiles/test_msgs__rosidl_typesupport_introspection_cpp.dir/rosidl_typesupport_introspection_cpp/test_msgs/msg/detail/multi_nested__type_support.cpp.o[0m
[ 17%] [32mBuilding CXX object CMakeFiles/test_msgs__rosidl_typesupport_introspection_cpp.dir/rosidl_typesupport_introspection_cpp/test_msgs/msg/detail/empty__type_support.cpp.o[0m
[ 18%] [32mBuilding CXX object CMakeFiles/test_msgs__rosidl_typesupport_introspection_cpp.dir/rosidl_typesupport_introspection_cpp/test_msgs/msg/detail/defaults__type_support.cpp.o[0m
[ 18%] [32mBuilding CXX object CMakeFiles/test_msgs__rosidl_typesupport_introspection_cpp.dir/rosidl_typesupport_introspection_cpp/test_msgs/msg/detail/constants__type_support.cpp.o[0m
[ 18%] [32mBuilding CXX object CMakeFiles/test_msgs__rosidl_typesupport_introspection_cpp.dir/rosidl_typesupport_introspection_cpp/test_msgs/msg/detail/bounded_sequences__type_support.cpp.o[0m
[ 19%] [32mBuilding CXX object CMakeFiles/test_msgs__rosidl_typesupport_introspection_cpp.dir/rosidl_typesupport_introspection_cpp/test_msgs/msg/detail/bounded_plain_sequences__type_support.cpp.o[0m
[ 19%] [32mBuilding CXX object CMakeFiles/test_msgs__rosidl_typesupport_introspection_cpp.dir/rosidl_typesupport_introspection_cpp/test_msgs/msg/detail/basic_types__type_support.cpp.o[0m
[ 19%] [32m[1mLinking CXX shared library libtest_msgs__rosidl_typesupport_introspection_cpp.so[0m
[ 19%] Built target test_msgs__rosidl_typesupport_introspection_cpp
[ 20%] [34m[1mGenerating C type support for eProsima Micro XRCE-DDS[0m
[ 21%] [34m[1mGenerating C type support dispatch for ROS interfaces[0m
[ 22%] [34m[1mGenerating C introspection for ROS interfaces[0m
[ 22%] [32mBuilding CXX object CMakeFiles/test_msgs__rosidl_typesupport_c.dir/rosidl_typesupport_c/test_msgs/msg/arrays__type_support.cpp.o[0m
[ 22%] [32mBuilding CXX object CMakeFiles/test_msgs__rosidl_typesupport_c.dir/rosidl_typesupport_c/test_msgs/msg/strings__type_support.cpp.o[0m
[ 23%] [32mBuilding CXX object CMakeFiles/test_msgs__rosidl_typesupport_c.dir/rosidl_typesupport_c/test_msgs/msg/unbounded_sequences__type_support.cpp.o[0m
[ 23%] [32mBuilding CXX object CMakeFiles/test_msgs__rosidl_typesupport_c.dir/rosidl_typesupport_c/test_msgs/msg/w_strings__type_support.cpp.o[0m
[ 24%] [32mBuilding CXX object CMakeFiles/test_msgs__rosidl_typesupport_c.dir/rosidl_typesupport_c/test_msgs/srv/arrays__type_support.cpp.o[0m
[ 24%] [32mBuilding CXX object CMakeFiles/test_msgs__rosidl_typesupport_c.dir/rosidl_typesupport_c/test_msgs/srv/basic_types__type_support.cpp.o[0m
[ 25%] [32mBuilding CXX object CMakeFiles/test_msgs__rosidl_typesupport_c.dir/rosidl_typesupport_c/test_msgs/srv/empty__type_support.cpp.o[0m
[ 25%] [32mBuilding CXX object CMakeFiles/test_msgs__rosidl_typesupport_c.dir/rosidl_typesupport_c/test_msgs/action/fibonacci__type_support.cpp.o[0m
[ 26%] [32mBuilding CXX object CMakeFiles/test_msgs__rosidl_typesupport_c.dir/rosidl_typesupport_c/test_msgs/msg/builtins__type_support.cpp.o[0m
[ 26%] [32mBuilding CXX object CMakeFiles/test_msgs__rosidl_typesupport_c.dir/rosidl_typesupport_c/test_msgs/action/nested_message__type_support.cpp.o[0m
[ 27%] [32mBuilding CXX object CMakeFiles/test_msgs__rosidl_typesupport_c.dir/rosidl_typesupport_c/test_msgs/msg/nested__type_support.cpp.o[0m
[ 27%] [32mBuilding CXX object CMakeFiles/test_msgs__rosidl_typesupport_c.dir/rosidl_typesupport_c/test_msgs/msg/multi_nested__type_support.cpp.o[0m
[ 28%] [32mBuilding CXX object CMakeFiles/test_msgs__rosidl_typesupport_c.dir/rosidl_typesupport_c/test_msgs/msg/empty__type_support.cpp.o[0m
[ 28%] [32mBuilding CXX object CMakeFiles/test_msgs__rosidl_typesupport_c.dir/rosidl_typesupport_c/test_msgs/msg/defaults__type_support.cpp.o[0m
[ 28%] [32mBuilding CXX object CMakeFiles/test_msgs__rosidl_typesupport_c.dir/rosidl_typesupport_c/test_msgs/msg/constants__type_support.cpp.o[0m
[ 29%] [32mBuilding CXX object CMakeFiles/test_msgs__rosidl_typesupport_c.dir/rosidl_typesupport_c/test_msgs/msg/bounded_sequences__type_support.cpp.o[0m
[ 29%] [32mBuilding CXX object CMakeFiles/test_msgs__rosidl_typesupport_c.dir/rosidl_typesupport_c/test_msgs/msg/bounded_plain_sequences__type_support.cpp.o[0m
[ 30%] [32mBuilding CXX object CMakeFiles/test_msgs__rosidl_typesupport_c.dir/rosidl_typesupport_c/test_msgs/msg/basic_types__type_support.cpp.o[0m
[ 31%] [32m[1mLinking CXX shared library libtest_msgs__rosidl_typesupport_c.so[0m
[ 31%] Built target test_msgs__rosidl_typesupport_c
[ 31%] [32mBuilding C object CMakeFiles/test_msgs__rosidl_typesupport_introspection_c.dir/rosidl_typesupport_introspection_c/test_msgs/msg/detail/arrays__type_support.c.o[0m
[ 31%] [32mBuilding C object CMakeFiles/test_msgs__rosidl_typesupport_introspection_c.dir/rosidl_typesupport_introspection_c/test_msgs/msg/detail/unbounded_sequences__type_support.c.o[0m
[ 31%] [32mBuilding C object CMakeFiles/test_msgs__rosidl_typesupport_microxrcedds_c.dir/rosidl_typesupport_microxrcedds_c/test_msgs/msg/detail/microxrcedds/arrays__type_support_c.c.o[0m
[ 32%] [32mBuilding C object CMakeFiles/test_msgs__rosidl_typesupport_microxrcedds_c.dir/rosidl_typesupport_microxrcedds_c/test_msgs/msg/detail/microxrcedds/basic_types__type_support_c.c.o[0m
[ 33%] [32mBuilding C object CMakeFiles/test_msgs__rosidl_typesupport_introspection_c.dir/rosidl_typesupport_introspection_c/test_msgs/msg/detail/w_strings__type_support.c.o[0m
[ 33%] [32mBuilding C object CMakeFiles/test_msgs__rosidl_typesupport_microxrcedds_c.dir/rosidl_typesupport_microxrcedds_c/test_msgs/msg/detail/microxrcedds/bounded_plain_sequences__type_support_c.c.o[0m
[ 33%] [32mBuilding C object CMakeFiles/test_msgs__rosidl_typesupport_introspection_c.dir/rosidl_typesupport_introspection_c/test_msgs/srv/detail/arrays__type_support.c.o[0m
[ 34%] [32mBuilding C object CMakeFiles/test_msgs__rosidl_typesupport_microxrcedds_c.dir/rosidl_typesupport_microxrcedds_c/test_msgs/msg/detail/microxrcedds/bounded_sequences__type_support_c.c.o[0m
[ 34%] [32mBuilding C object CMakeFiles/test_msgs__rosidl_typesupport_introspection_c.dir/rosidl_typesupport_introspection_c/test_msgs/srv/detail/basic_types__type_support.c.o[0m
[ 35%] [32mBuilding C object CMakeFiles/test_msgs__rosidl_typesupport_introspection_c.dir/rosidl_typesupport_introspection_c/test_msgs/msg/detail/strings__type_support.c.o[0m
[ 36%] [32mBuilding C object CMakeFiles/test_msgs__rosidl_typesupport_microxrcedds_c.dir/rosidl_typesupport_microxrcedds_c/test_msgs/msg/detail/microxrcedds/defaults__type_support_c.c.o[0m
[ 37%] [32mBuilding C object CMakeFiles/test_msgs__rosidl_typesupport_introspection_c.dir/rosidl_typesupport_introspection_c/test_msgs/srv/detail/empty__type_support.c.o[0m
[ 37%] [32mBuilding C object CMakeFiles/test_msgs__rosidl_typesupport_introspection_c.dir/rosidl_typesupport_introspection_c/test_msgs/msg/detail/nested__type_support.c.o[0m
[ 38%] [32mBuilding C object CMakeFiles/test_msgs__rosidl_typesupport_microxrcedds_c.dir/rosidl_typesupport_microxrcedds_c/test_msgs/msg/detail/microxrcedds/multi_nested__type_support_c.c.o[0m
[ 38%] [32mBuilding C object CMakeFiles/test_msgs__rosidl_typesupport_introspection_c.dir/rosidl_typesupport_introspection_c/test_msgs/action/detail/fibonacci__type_support.c.o[0m
[ 38%] [32mBuilding C object CMakeFiles/test_msgs__rosidl_typesupport_microxrcedds_c.dir/rosidl_typesupport_microxrcedds_c/test_msgs/msg/detail/microxrcedds/nested__type_support_c.c.o[0m
[ 39%] [32mBuilding C object CMakeFiles/test_msgs__rosidl_typesupport_introspection_c.dir/rosidl_typesupport_introspection_c/test_msgs/msg/detail/builtins__type_support.c.o[0m
[ 40%] [32mBuilding C object CMakeFiles/test_msgs__rosidl_typesupport_microxrcedds_c.dir/rosidl_typesupport_microxrcedds_c/test_msgs/msg/detail/microxrcedds/strings__type_support_c.c.o[0m
[ 40%] [32mBuilding C object CMakeFiles/test_msgs__rosidl_typesupport_introspection_c.dir/rosidl_typesupport_introspection_c/test_msgs/action/detail/nested_message__type_support.c.o[0m
[ 40%] [32mBuilding C object CMakeFiles/test_msgs__rosidl_typesupport_microxrcedds_c.dir/rosidl_typesupport_microxrcedds_c/test_msgs/msg/detail/microxrcedds/unbounded_sequences__type_support_c.c.o[0m
[ 41%] [32mBuilding C object CMakeFiles/test_msgs__rosidl_typesupport_introspection_c.dir/rosidl_typesupport_introspection_c/test_msgs/msg/detail/multi_nested__type_support.c.o[0m
[ 41%] [32mBuilding C object CMakeFiles/test_msgs__rosidl_typesupport_introspection_c.dir/rosidl_typesupport_introspection_c/test_msgs/msg/detail/empty__type_support.c.o[0m
[ 42%] [32mBuilding C object CMakeFiles/test_msgs__rosidl_typesupport_microxrcedds_c.dir/rosidl_typesupport_microxrcedds_c/test_msgs/srv/detail/microxrcedds/basic_types__type_support_c.c.o[0m
[ 43%] [32mBuilding C object CMakeFiles/test_msgs__rosidl_typesupport_introspection_c.dir/rosidl_typesupport_introspection_c/test_msgs/msg/detail/defaults__type_support.c.o[0m
[ 43%] [32mBuilding C object CMakeFiles/test_msgs__rosidl_typesupport_introspection_c.dir/rosidl_typesupport_introspection_c/test_msgs/msg/detail/constants__type_support.c.o[0m
[ 43%] [32mBuilding C object CMakeFiles/test_msgs__rosidl_typesupport_microxrcedds_c.dir/rosidl_typesupport_microxrcedds_c/test_msgs/msg/detail/microxrcedds/builtins__type_support_c.c.o[0m
[ 44%] [32mBuilding C object CMakeFiles/test_msgs__rosidl_typesupport_introspection_c.dir/rosidl_typesupport_introspection_c/test_msgs/msg/detail/bounded_sequences__type_support.c.o[0m
[ 44%] [32mBuilding C object CMakeFiles/test_msgs__rosidl_typesupport_microxrcedds_c.dir/rosidl_typesupport_microxrcedds_c/test_msgs/action/detail/microxrcedds/nested_message__type_support_c.c.o[0m
[ 44%] [32mBuilding C object CMakeFiles/test_msgs__rosidl_typesupport_introspection_c.dir/rosidl_typesupport_introspection_c/test_msgs/msg/detail/bounded_plain_sequences__type_support.c.o[0m
[ 45%] [32mBuilding C object CMakeFiles/test_msgs__rosidl_typesupport_microxrcedds_c.dir/rosidl_typesupport_microxrcedds_c/test_msgs/action/detail/microxrcedds/fibonacci__type_support_c.c.o[0m
[ 45%] [32mBuilding C object CMakeFiles/test_msgs__rosidl_typesupport_microxrcedds_c.dir/rosidl_typesupport_microxrcedds_c/test_msgs/srv/detail/microxrcedds/empty__type_support_c.c.o[0m
[ 46%] [32mBuilding C object CMakeFiles/test_msgs__rosidl_typesupport_introspection_c.dir/rosidl_typesupport_introspection_c/test_msgs/msg/detail/basic_types__type_support.c.o[0m
[ 46%] [32mBuilding C object CMakeFiles/test_msgs__rosidl_typesupport_microxrcedds_c.dir/rosidl_typesupport_microxrcedds_c/test_msgs/srv/detail/microxrcedds/arrays__type_support_c.c.o[0m
[ 47%] [32m[1mLinking C shared library libtest_msgs__rosidl_typesupport_introspection_c.so[0m
[ 47%] Built target test_msgs__rosidl_typesupport_introspection_c
[ 48%] [32mBuilding C object CMakeFiles/test_msgs__rosidl_typesupport_microxrcedds_c.dir/rosidl_typesupport_microxrcedds_c/test_msgs/msg/detail/microxrcedds/w_strings__type_support_c.c.o[0m
[ 48%] [32mBuilding C object CMakeFiles/test_msgs__rosidl_typesupport_microxrcedds_c.dir/rosidl_typesupport_microxrcedds_c/test_msgs/msg/detail/microxrcedds/empty__type_support_c.c.o[0m
[ 48%] [32mBuilding C object CMakeFiles/test_msgs__rosidl_typesupport_microxrcedds_c.dir/rosidl_typesupport_microxrcedds_c/test_msgs/msg/detail/microxrcedds/constants__type_support_c.c.o[0m
[ 49%] [32m[1mLinking C shared library libtest_msgs__rosidl_typesupport_microxrcedds_c.so[0m
[ 49%] Built target test_msgs__rosidl_typesupport_microxrcedds_c
[ 50%] [34m[1mGenerating C type support for eProsima Fast-RTPS[0m
Traceback (most recent call last):
  File "/opt/ros/humble/lib/rosidl_typesupport_fastrtps_c/rosidl_typesupport_fastrtps_c", line 33, in <module>
gmake[2]: *** Deleting file 'rosidl_typesupport_fastrtps_c/test_msgs/msg/detail/arrays__rosidl_typesupport_fastrtps_c.h'
    sys.exit(main())
  File "/opt/ros/humble/lib/rosidl_typesupport_fastrtps_c/rosidl_typesupport_fastrtps_c", line 29, in main
    generate_typesupport_fastrtps_c(args.generator_arguments_file)
  File "/opt/ros/humble/local/lib/python3.10/dist-packages/rosidl_typesupport_fastrtps_c/__init__.py", line 24, in generate_typesupport_fastrtps_c
    return generate_files(generator_arguments_file, mapping)
  File "/opt/ros/humble/local/lib/python3.10/dist-packages/rosidl_cmake/__init__.py", line 87, in generate_files
    expand_template(
  File "/opt/ros/humble/local/lib/python3.10/dist-packages/rosidl_cmake/__init__.py", line 149, in expand_template
    interpreter.string(template_content, template_path, locals=data)
  File "/usr/lib/python3/dist-packages/em.py", line 2391, in string
    self.safe(scanner, True, locals)
  File "/usr/lib/python3/dist-packages/em.py", line 2401, in safe
    self.parse(scanner, locals)
  File "/usr/lib/python3/dist-packages/em.py", line 2421, in parse
    token.run(self, locals)
  File "/usr/lib/python3/dist-packages/em.py", line 1547, in run
    self.subrun(info[0][1], interpreter, locals)
  File "/usr/lib/python3/dist-packages/em.py", line 1631, in subrun
    token.run(interpreter, locals)
  File "/usr/lib/python3/dist-packages/em.py", line 1425, in run
    interpreter.execute(self.code, locals)
  File "/usr/lib/python3/dist-packages/em.py", line 2596, in execute
    _exec(statements, self.globals, locals)
  File "<string>", line 2, in <module>
  File "/opt/ros/humble/local/lib/python3.10/dist-packages/rosidl_cmake/__init__.py", line 198, in _expand_template
    interpreter.string(content, str(template_path), kwargs)
  File "/usr/lib/python3/dist-packages/em.py", line 2391, in string
    self.safe(scanner, True, locals)
  File "/usr/lib/python3/dist-packages/em.py", line 2401, in safe
    self.parse(scanner, locals)
  File "/usr/lib/python3/dist-packages/em.py", line 2421, in parse
    token.run(self, locals)
  File "/usr/lib/python3/dist-packages/em.py", line 1425, in run
    interpreter.execute(self.code, locals)
  File "/usr/lib/python3/dist-packages/em.py", line 2596, in execute
    _exec(statements, self.globals, locals)
  File "<string>", line 2, in <module>
  File "/opt/ros/humble/local/lib/python3.10/dist-packages/rosidl_cmake/__init__.py", line 198, in _expand_template
    interpreter.string(content, str(template_path), kwargs)
  File "/usr/lib/python3/dist-packages/em.py", line 2391, in string
    self.safe(scanner, True, locals)
  File "/usr/lib/python3/dist-packages/em.py", line 2401, in safe
    self.parse(scanner, locals)
  File "/usr/lib/python3/dist-packages/em.py", line 2421, in parse
    token.run(self, locals)
  File "/usr/lib/python3/dist-packages/em.py", line 1333, in run
    result = interpreter.evaluate(self.testCode, locals)
  File "/usr/lib/python3/dist-packages/em.py", line 2573, in evaluate
    result = eval(expression, self.globals, locals)
  File "<string>", line 1, in <module>
KeyboardInterrupt
Exception ignored in: <function Interpreter.__del__ at 0x7f371f5bab90>
Traceback (most recent call last):
  File "/usr/lib/python3/dist-packages/em.py", line 2094, in __del__
  File "/usr/lib/python3/dist-packages/em.py", line 2157, in shutdown
  File "/usr/lib/python3/dist-packages/em.py", line 2647, in finalize
  File "/usr/lib/python3/dist-packages/em.py", line 2200, in push
AttributeError: '_io.TextIOWrapper' object has no attribute 'push'
gmake[2]: *** [CMakeFiles/test_msgs__rosidl_typesupport_fastrtps_c.dir/build.make:106: rosidl_typesupport_fastrtps_c/test_msgs/msg/detail/arrays__rosidl_typesupport_fastrtps_c.h] Interrupt
gmake[1]: *** [CMakeFiles/Makefile2:246: CMakeFiles/test_msgs__rosidl_typesupport_fastrtps_c.dir/all] Interrupt
gmake: *** [Makefile:146: all] Interrupt
